2025-03-21 20:10:55,150 - INFO - Сравнение для тиража №1006450:
2025-03-21 20:10:55,150 - INFO - Предсказанная комбинация: 3, 5, 6, 7, 9, 10, 13, 16, Поле: 4
2025-03-21 20:10:55,151 - INFO - Реальная комбинация: 6, 7, 8, 9, 10, 11, 12, 17, Поле: 4
2025-03-21 20:10:55,151 - INFO - Комбинация: Совпало 4 чисел (9, 10, 6, 7)
2025-03-21 20:10:55,151 - INFO - Поле: Совпало
2025-03-21 20:15:50,714 - INFO - Сравнение для тиража №1006451:
2025-03-21 20:15:50,714 - INFO - Сравнение для тиража №1006451:
2025-03-21 20:15:50,715 - INFO - Предсказанная комбинация: 7, 11, 12, 14, 15, 17, 18, 20, Поле: 2
2025-03-21 20:15:50,715 - INFO - Предсказанная комбинация: 7, 11, 12, 14, 15, 17, 18, 20, Поле: 2
2025-03-21 20:15:50,715 - INFO - Реальная комбинация: 3, 4, 9, 10, 16, 18, 19, 20, Поле: 4
2025-03-21 20:15:50,715 - INFO - Реальная комбинация: 3, 4, 9, 10, 16, 18, 19, 20, Поле: 4
2025-03-21 20:15:50,715 - INFO - Комбинация: Совпало 2 чисел (18, 20)
2025-03-21 20:15:50,715 - INFO - Комбинация: Совпало 2 чисел (18, 20)
2025-03-21 20:15:50,716 - INFO - Поле: Не совпало
2025-03-21 20:15:50,716 - INFO - Поле: Не совпало
2025-03-21 20:20:56,663 - INFO - Сравнение для тиража №1006452:
2025-03-21 20:20:56,663 - INFO - Предсказанная комбинация: 8, 10, 8, 16, 17, 8, 13, 16, Поле: 4
2025-03-21 20:20:56,663 - INFO - Реальная комбинация: 1, 6, 7, 8, 9, 12, 15, 20, Поле: 4
2025-03-21 20:20:56,663 - INFO - Комбинация: Совпало 1 чисел (8)
2025-03-21 20:20:56,663 - INFO - Поле: Совпало
2025-03-21 20:25:51,838 - INFO - Сравнение для тиража №1006453:
2025-03-21 20:25:51,838 - INFO - Сравнение для тиража №1006453:
2025-03-21 20:25:51,838 - INFO - Предсказанная комбинация: 3, 4, 7, 9, 10, 11, 13, 14, Поле: 2
2025-03-21 20:25:51,838 - INFO - Предсказанная комбинация: 3, 4, 7, 9, 10, 11, 13, 14, Поле: 2
2025-03-21 20:25:51,838 - INFO - Реальная комбинация: 2, 4, 5, 7, 9, 10, 12, 18, Поле: 2
2025-03-21 20:25:51,838 - INFO - Реальная комбинация: 2, 4, 5, 7, 9, 10, 12, 18, Поле: 2
2025-03-21 20:25:51,838 - INFO - Комбинация: Совпало 4 чисел (9, 10, 4, 7)
2025-03-21 20:25:51,838 - INFO - Комбинация: Совпало 4 чисел (9, 10, 4, 7)
2025-03-21 20:25:51,838 - INFO - Поле: Совпало
2025-03-21 20:25:51,838 - INFO - Поле: Совпало
2025-03-21 20:30:52,343 - INFO - Сравнение для тиража №1006454:
2025-03-21 20:30:52,343 - INFO - Сравнение для тиража №1006454:
2025-03-21 20:30:52,343 - INFO - Предсказанная комбинация: 9, 12, 14, 16, 9, 8, 10, 12, Поле: 4
2025-03-21 20:30:52,343 - INFO - Предсказанная комбинация: 9, 12, 14, 16, 9, 8, 10, 12, Поле: 4
2025-03-21 20:30:52,343 - INFO - Реальная комбинация: 4, 5, 8, 10, 12, 13, 16, 20, Поле: 4
2025-03-21 20:30:52,343 - INFO - Реальная комбинация: 4, 5, 8, 10, 12, 13, 16, 20, Поле: 4
2025-03-21 20:30:52,343 - INFO - Комбинация: Совпало 4 чисел (8, 16, 10, 12)
2025-03-21 20:30:52,343 - INFO - Комбинация: Совпало 4 чисел (8, 16, 10, 12)
2025-03-21 20:30:52,343 - INFO - Поле: Совпало
2025-03-21 20:30:52,343 - INFO - Поле: Совпало
2025-03-21 20:35:54,163 - INFO - Сравнение для тиража №1006455:
2025-03-21 20:35:54,163 - INFO - Сравнение для тиража №1006455:
2025-03-21 20:35:54,163 - INFO - Предсказанная комбинация: 1, 3, 5, 8, 11, 13, 15, 18, Поле: 3
2025-03-21 20:35:54,163 - INFO - Предсказанная комбинация: 1, 3, 5, 8, 11, 13, 15, 18, Поле: 3
2025-03-21 20:35:54,163 - INFO - Реальная комбинация: 6, 10, 13, 14, 15, 16, 17, 20, Поле: 2
2025-03-21 20:35:54,163 - INFO - Реальная комбинация: 6, 10, 13, 14, 15, 16, 17, 20, Поле: 2
2025-03-21 20:35:54,163 - INFO - Комбинация: Совпало 2 чисел (13, 15)
2025-03-21 20:35:54,163 - INFO - Комбинация: Совпало 2 чисел (13, 15)
2025-03-21 20:35:54,163 - INFO - Поле: Не совпало
2025-03-21 20:35:54,163 - INFO - Поле: Не совпало
2025-03-21 20:45:57,009 - INFO - Для тиража №1006457 нет предсказания.
2025-03-21 20:45:57,009 - INFO - Для тиража №1006457 нет предсказания.
2025-03-21 20:50:51,214 - INFO - Сравнение для тиража №1006458:
2025-03-21 20:50:51,215 - INFO - Предсказанная комбинация: 9, 12, 14, 15, 17, 8, 14, 19, Поле: 4
2025-03-21 20:50:51,215 - INFO - Реальная комбинация: 3, 4, 8, 9, 10, 16, 19, 20, Поле: 1
2025-03-21 20:50:51,215 - INFO - Комбинация: Совпало 3 чисел (8, 9, 19)
2025-03-21 20:50:51,215 - INFO - Поле: Не совпало
2025-03-21 20:55:52,821 - INFO - Сравнение для тиража №1006459:
2025-03-21 20:55:52,821 - INFO - Сравнение для тиража №1006459:
2025-03-21 20:55:52,821 - INFO - Предсказанная комбинация: 9, 5, 14, 9, 15, 13, 10, 11, Поле: 2
2025-03-21 20:55:52,821 - INFO - Предсказанная комбинация: 9, 5, 14, 9, 15, 13, 10, 11, Поле: 2
2025-03-21 20:55:52,821 - INFO - Реальная комбинация: 4, 5, 7, 9, 11, 15, 16, 20, Поле: 2
2025-03-21 20:55:52,821 - INFO - Реальная комбинация: 4, 5, 7, 9, 11, 15, 16, 20, Поле: 2
2025-03-21 20:55:52,821 - INFO - Комбинация: Совпало 4 чисел (9, 11, 5, 15)
2025-03-21 20:55:52,821 - INFO - Комбинация: Совпало 4 чисел (9, 11, 5, 15)
2025-03-21 20:55:52,822 - INFO - Поле: Совпало
2025-03-21 20:55:52,822 - INFO - Поле: Совпало
2025-03-21 21:00:53,406 - INFO - Сравнение для тиража №1006460:
2025-03-21 21:00:53,407 - INFO - Предсказанная комбинация: 9, 3, 13, 6, 11, 12, 15, 11, Поле: 1
2025-03-21 21:00:53,407 - INFO - Реальная комбинация: 1, 2, 3, 4, 7, 9, 10, 20, Поле: 3
2025-03-21 21:00:53,407 - INFO - Комбинация: Совпало 2 чисел (9, 3)
2025-03-21 21:00:53,407 - INFO - Поле: Не совпало
2025-03-21 21:05:52,892 - INFO - Сравнение для тиража №1006461:
2025-03-21 21:05:52,892 - INFO - Предсказанная комбинация: 8, 7, 10, 5, 7, 16, 13, 20, Поле: 1
2025-03-21 21:05:52,892 - INFO - Реальная комбинация: 1, 2, 3, 4, 6, 13, 16, 20, Поле: 2
2025-03-21 21:05:52,892 - INFO - Комбинация: Совпало 3 чисел (16, 20, 13)
2025-03-21 21:05:52,892 - INFO - Поле: Не совпало
2025-03-21 21:10:53,852 - INFO - Сравнение для тиража №1006462:
2025-03-21 21:10:53,852 - INFO - Предсказанная комбинация: 5, 7, 4, 15, 12, 8, 10, 19, Поле: 2
2025-03-21 21:10:53,853 - INFO - Реальная комбинация: 1, 4, 5, 10, 11, 13, 15, 16, Поле: 2
2025-03-21 21:10:53,853 - INFO - Комбинация: Совпало 4 чисел (10, 4, 5, 15)
2025-03-21 21:10:53,853 - INFO - Поле: Совпало
2025-03-21 21:15:53,403 - INFO - Сравнение для тиража №1006463:
2025-03-21 21:15:53,403 - INFO - Сравнение для тиража №1006463:
2025-03-21 21:15:53,404 - INFO - Предсказанная комбинация: 7, 6, 11, 10, 6, 18, 17, 15, Поле: 2
2025-03-21 21:15:53,404 - INFO - Предсказанная комбинация: 7, 6, 11, 10, 6, 18, 17, 15, Поле: 2
2025-03-21 21:15:53,404 - INFO - Реальная комбинация: 4, 6, 7, 10, 12, 13, 14, 18, Поле: 2
2025-03-21 21:15:53,404 - INFO - Реальная комбинация: 4, 6, 7, 10, 12, 13, 14, 18, Поле: 2
2025-03-21 21:15:53,404 - INFO - Комбинация: Совпало 4 чисел (10, 18, 6, 7)
2025-03-21 21:15:53,404 - INFO - Комбинация: Совпало 4 чисел (10, 18, 6, 7)
2025-03-21 21:15:53,404 - INFO - Поле: Совпало
2025-03-21 21:15:53,404 - INFO - Поле: Совпало
2025-03-21 21:20:52,311 - INFO - Сравнение для тиража №1006464:
2025-03-21 21:20:52,311 - INFO - Сравнение для тиража №1006464:
2025-03-21 21:20:52,311 - INFO - Сравнение для тиража №1006464:
2025-03-21 21:20:52,311 - INFO - Предсказанная комбинация: 9, 12, 10, 5, 6, 15, 17, 15, Поле: 2
2025-03-21 21:20:52,311 - INFO - Предсказанная комбинация: 9, 12, 10, 5, 6, 15, 17, 15, Поле: 2
2025-03-21 21:20:52,311 - INFO - Предсказанная комбинация: 9, 12, 10, 5, 6, 15, 17, 15, Поле: 2
2025-03-21 21:20:52,311 - INFO - Реальная комбинация: 3, 6, 7, 9, 11, 14, 17, 20, Поле: 4
2025-03-21 21:20:52,311 - INFO - Реальная комбинация: 3, 6, 7, 9, 11, 14, 17, 20, Поле: 4
2025-03-21 21:20:52,311 - INFO - Реальная комбинация: 3, 6, 7, 9, 11, 14, 17, 20, Поле: 4
2025-03-21 21:20:52,311 - INFO - Комбинация: Совпало 3 чисел (9, 6, 17)
2025-03-21 21:20:52,311 - INFO - Комбинация: Совпало 3 чисел (9, 6, 17)
2025-03-21 21:20:52,311 - INFO - Комбинация: Совпало 3 чисел (9, 6, 17)
2025-03-21 21:20:52,311 - INFO - Поле: Не совпало
2025-03-21 21:20:52,311 - INFO - Поле: Не совпало
2025-03-21 21:20:52,311 - INFO - Поле: Не совпало
2025-03-21 21:25:55,228 - INFO - Сравнение для тиража №1006465:
2025-03-21 21:25:55,228 - INFO - Сравнение для тиража №1006465:
2025-03-21 21:25:55,228 - INFO - Сравнение для тиража №1006465:
2025-03-21 21:25:55,228 - INFO - Сравнение для тиража №1006465:
2025-03-21 21:25:55,228 - INFO - Предсказанная комбинация: 9, 7, 10, 13, 9, 15, 10, 18, Поле: 1
2025-03-21 21:25:55,228 - INFO - Предсказанная комбинация: 9, 7, 10, 13, 9, 15, 10, 18, Поле: 1
2025-03-21 21:25:55,228 - INFO - Предсказанная комбинация: 9, 7, 10, 13, 9, 15, 10, 18, Поле: 1
2025-03-21 21:25:55,228 - INFO - Предсказанная комбинация: 9, 7, 10, 13, 9, 15, 10, 18, Поле: 1
2025-03-21 21:25:55,228 - INFO - Реальная комбинация: 1, 2, 3, 4, 7, 8, 15, 16, Поле: 4
2025-03-21 21:25:55,228 - INFO - Реальная комбинация: 1, 2, 3, 4, 7, 8, 15, 16, Поле: 4
2025-03-21 21:25:55,228 - INFO - Реальная комбинация: 1, 2, 3, 4, 7, 8, 15, 16, Поле: 4
2025-03-21 21:25:55,228 - INFO - Реальная комбинация: 1, 2, 3, 4, 7, 8, 15, 16, Поле: 4
2025-03-21 21:25:55,228 - INFO - Комбинация: Совпало 2 чисел (15, 7)
2025-03-21 21:25:55,228 - INFO - Комбинация: Совпало 2 чисел (15, 7)
2025-03-21 21:25:55,228 - INFO - Комбинация: Совпало 2 чисел (15, 7)
2025-03-21 21:25:55,228 - INFO - Комбинация: Совпало 2 чисел (15, 7)
2025-03-21 21:25:55,228 - INFO - Поле: Не совпало
2025-03-21 21:25:55,228 - INFO - Поле: Не совпало
2025-03-21 21:25:55,228 - INFO - Поле: Не совпало
2025-03-21 21:25:55,228 - INFO - Поле: Не совпало
2025-03-21 21:30:55,457 - INFO - Сравнение для тиража №1006466:
2025-03-21 21:30:55,457 - INFO - Сравнение для тиража №1006466:
2025-03-21 21:30:55,457 - INFO - Сравнение для тиража №1006466:
2025-03-21 21:30:55,457 - INFO - Сравнение для тиража №1006466:
2025-03-21 21:30:55,457 - INFO - Сравнение для тиража №1006466:
2025-03-21 21:30:55,457 - INFO - Предсказанная комбинация: 2, 4, 5, 6, 8, 10, 17, 19, Поле: 4
2025-03-21 21:30:55,457 - INFO - Предсказанная комбинация: 2, 4, 5, 6, 8, 10, 17, 19, Поле: 4
2025-03-21 21:30:55,457 - INFO - Предсказанная комбинация: 2, 4, 5, 6, 8, 10, 17, 19, Поле: 4
2025-03-21 21:30:55,457 - INFO - Предсказанная комбинация: 2, 4, 5, 6, 8, 10, 17, 19, Поле: 4
2025-03-21 21:30:55,457 - INFO - Предсказанная комбинация: 2, 4, 5, 6, 8, 10, 17, 19, Поле: 4
2025-03-21 21:30:55,457 - INFO - Реальная комбинация: 5, 6, 7, 9, 13, 15, 16, 19, Поле: 3
2025-03-21 21:30:55,457 - INFO - Реальная комбинация: 5, 6, 7, 9, 13, 15, 16, 19, Поле: 3
2025-03-21 21:30:55,457 - INFO - Реальная комбинация: 5, 6, 7, 9, 13, 15, 16, 19, Поле: 3
2025-03-21 21:30:55,457 - INFO - Реальная комбинация: 5, 6, 7, 9, 13, 15, 16, 19, Поле: 3
2025-03-21 21:30:55,457 - INFO - Реальная комбинация: 5, 6, 7, 9, 13, 15, 16, 19, Поле: 3
2025-03-21 21:30:55,457 - INFO - Комбинация: Совпало 3 чисел (19, 5, 6)
2025-03-21 21:30:55,457 - INFO - Комбинация: Совпало 3 чисел (19, 5, 6)
2025-03-21 21:30:55,457 - INFO - Комбинация: Совпало 3 чисел (19, 5, 6)
2025-03-21 21:30:55,457 - INFO - Комбинация: Совпало 3 чисел (19, 5, 6)
2025-03-21 21:30:55,457 - INFO - Комбинация: Совпало 3 чисел (19, 5, 6)
2025-03-21 21:30:55,457 - INFO - Поле: Не совпало
2025-03-21 21:30:55,457 - INFO - Поле: Не совпало
2025-03-21 21:30:55,457 - INFO - Поле: Не совпало
2025-03-21 21:30:55,457 - INFO - Поле: Не совпало
2025-03-21 21:30:55,457 - INFO - Поле: Не совпало
